<?xml version="1.0" encoding="UTF-8"?>
<testng-results skipped="0" failed="0" ignored="0" total="1" passed="1">
  <reporter-output>
  </reporter-output>
  <suite name="Default suite" duration-ms="70733" started-at="2019-07-04T05:36:15Z" finished-at="2019-07-04T05:37:26Z">
    <groups>
    </groups>
    <test name="Default test" duration-ms="70733" started-at="2019-07-04T05:36:15Z" finished-at="2019-07-04T05:37:26Z">
      <class name="Pratice_one.Locators">
        <test-method status="PASS" signature="Test()[pri:0, instance:Pratice_one.Locators@1a968a59]" name="Test" duration-ms="70683" started-at="2019-07-04T05:36:15Z" finished-at="2019-07-04T05:37:26Z">
          <reporter-output>
          </reporter-output>
        </test-method> <!-- Test -->
      </class> <!-- Pratice_one.Locators -->
    </test> <!-- Default test -->
  </suite> <!-- Default suite -->
</testng-results>
